<?xml version="1.0" encoding="UTF-8"?>
<!-- Generated by org.testng.reporters.JUnitReportReporter -->
<testsuite hostname="DESKTOP-JG497C4" name="DDF.DDFWithExcel" tests="9" failures="0" timestamp="30 Aug 2021 13:24:34 GMT" time="40.997" errors="0">
  <testcase name="login" time="3.833" classname="DDF.DDFWithExcel"/>
  <testcase name="login" time="3.585" classname="DDF.DDFWithExcel"/>
  <testcase name="login" time="3.486" classname="DDF.DDFWithExcel"/>
  <testcase name="login" time="14.695" classname="DDF.DDFWithExcel"/>
  <testcase name="login" time="3.833" classname="DDF.DDFWithExcel"/>
  <testcase name="login" time="2.873" classname="DDF.DDFWithExcel"/>
  <testcase name="login" time="3.196" classname="DDF.DDFWithExcel"/>
  <testcase name="login" time="2.562" classname="DDF.DDFWithExcel"/>
  <testcase name="login" time="2.934" classname="DDF.DDFWithExcel"/>
</testsuite> <!-- DDF.DDFWithExcel -->
